# JRE version: OpenJDK Runtime Environment Microsoft-8035246 (17.0.8+7) (build 17.0.8+7-LTS)
# Java VM: OpenJDK 64-Bit Server VM Microsoft-8035246 (17.0.8+7-LTS, mixed mode, sharing, tiered, compressed oops, compressed class ptrs, g1 gc, windows-amd64)
GC Precious Log:
 CPUs: 4 total, 4 available
 Memory: 8088M
 Large Page Support: Disabled
 NUMA Support: Disabled
 Compressed Oops: Enabled (32-bit)
 Heap Region Size: 1M
 Heap Min Capacity: 8M
 Heap Initial Capacity: 128M
 Heap Max Capacity: 2G
 Pre-touch: Disabled
 Parallel Workers: 4
 Concurrent Workers: 1
 Concurrent Refinement Workers: 4
 Periodic GC: Disabled
Heap:
 garbage-first heap   total 253952K, used 130767K [0x0000000080000000, 0x0000000100000000)
  region size 1024K, 46 young (47104K), 5 survivors (5120K)
 Metaspace       used 70210K, committed 70976K, reserved 491520K
  class space    used 9943K, committed 10304K, reserved 425984K
GC Heap History (20 events):
Event: 27.499 GC heap before
{Heap before GC invocations=30 (full 0):
 garbage-first heap   total 116736K, used 90656K [0x0000000080000000, 0x0000000100000000)
  region size 1024K, 28 young (28672K), 4 survivors (4096K)
 Metaspace       used 63025K, committed 63808K, reserved 491520K
  class space    used 8911K, committed 9280K, reserved 425984K
}
Event: 27.505 GC heap after
{Heap after GC invocations=31 (full 0):
 garbage-first heap   total 116736K, used 69074K [0x0000000080000000, 0x0000000100000000)
  region size 1024K, 4 young (4096K), 4 survivors (4096K)
 Metaspace       used 63025K, committed 63808K, reserved 491520K
  class space    used 8911K, committed 9280K, reserved 425984K
}
Event: 27.515 GC heap before
{Heap before GC invocations=31 (full 0):
 garbage-first heap   total 116736K, used 70098K [0x0000000080000000, 0x0000000100000000)
  region size 1024K, 5 young (5120K), 4 survivors (4096K)
 Metaspace       used 63025K, committed 63808K, reserved 491520K
  class space    used 8911K, committed 9280K, reserved 425984K
}
Event: 27.520 GC heap after
{Heap after GC invocations=32 (full 0):
 garbage-first heap   total 116736K, used 68422K [0x0000000080000000, 0x0000000100000000)
  region size 1024K, 1 young (1024K), 1 survivors (1024K)
 Metaspace       used 63025K, committed 63808K, reserved 491520K
  class space    used 8911K, committed 9280K, reserved 425984K
}
Event: 28.160 GC heap before
{Heap before GC invocations=32 (full 0):
 garbage-first heap   total 116736K, used 94022K [0x0000000080000000, 0x0000000100000000)
  region size 1024K, 26 young (26624K), 1 survivors (1024K)
 Metaspace       used 64287K, committed 65024K, reserved 491520K
  class space    used 9106K, committed 9472K, reserved 425984K
}
Event: 28.166 GC heap after
{Heap after GC invocations=33 (full 0):
 garbage-first heap   total 116736K, used 70952K [0x0000000080000000, 0x0000000100000000)
  region size 1024K, 4 young (4096K), 4 survivors (4096K)
 Metaspace       used 64287K, committed 65024K, reserved 491520K
  class space    used 9106K, committed 9472K, reserved 425984K
}
Event: 29.059 GC heap before
{Heap before GC invocations=34 (full 0):
 garbage-first heap   total 126976K, used 93480K [0x0000000080000000, 0x0000000100000000)
  region size 1024K, 26 young (26624K), 4 survivors (4096K)
 Metaspace       used 65919K, committed 66688K, reserved 491520K
  class space    used 9341K, committed 9728K, reserved 425984K
}
Event: 29.065 GC heap after
{Heap after GC invocations=35 (full 0):
 garbage-first heap   total 126976K, used 72586K [0x0000000080000000, 0x0000000100000000)
  region size 1024K, 2 young (2048K), 2 survivors (2048K)
 Metaspace       used 65919K, committed 66688K, reserved 491520K
  class space    used 9341K, committed 9728K, reserved 425984K
}
Event: 29.141 GC heap before
{Heap before GC invocations=35 (full 0):
 garbage-first heap   total 126976K, used 76682K [0x0000000080000000, 0x0000000100000000)
  region size 1024K, 6 young (6144K), 2 survivors (2048K)
 Metaspace       used 66156K, committed 66880K, reserved 491520K
  class space    used 9375K, committed 9728K, reserved 425984K
}
Event: 29.144 GC heap after
{Heap after GC invocations=36 (full 0):
 garbage-first heap   total 126976K, used 72333K [0x0000000080000000, 0x0000000100000000)
  region size 1024K, 1 young (1024K), 1 survivors (1024K)
 Metaspace       used 66156K, committed 66880K, reserved 491520K
  class space    used 9375K, committed 9728K, reserved 425984K
}
Event: 29.891 GC heap before
{Heap before GC invocations=36 (full 0):
 garbage-first heap   total 126976K, used 99981K [0x0000000080000000, 0x0000000100000000)
  region size 1024K, 29 young (29696K), 1 survivors (1024K)
 Metaspace       used 68142K, committed 68928K, reserved 491520K
  class space    used 9747K, committed 10112K, reserved 425984K
}
Event: 29.896 GC heap after
{Heap after GC invocations=37 (full 0):
 garbage-first heap   total 126976K, used 75789K [0x0000000080000000, 0x0000000100000000)
  region size 1024K, 4 young (4096K), 4 survivors (4096K)
 Metaspace       used 68142K, committed 68928K, reserved 491520K
  class space    used 9747K, committed 10112K, reserved 425984K
}
Event: 30.292 GC heap before
{Heap before GC invocations=37 (full 0):
 garbage-first heap   total 126976K, used 102413K [0x0000000080000000, 0x0000000100000000)
  region size 1024K, 30 young (30720K), 4 survivors (4096K)
 Metaspace       used 69258K, committed 70016K, reserved 491520K
  class space    used 9892K, committed 10240K, reserved 425984K
}
Event: 30.299 GC heap after
{Heap after GC invocations=38 (full 0):
 garbage-first heap   total 126976K, used 78051K [0x0000000080000000, 0x0000000100000000)
  region size 1024K, 4 young (4096K), 4 survivors (4096K)
 Metaspace       used 69258K, committed 70016K, reserved 491520K
  class space    used 9892K, committed 10240K, reserved 425984K
}
Event: 31.134 GC heap before
{Heap before GC invocations=38 (full 0):
 garbage-first heap   total 126976K, used 102627K [0x0000000080000000, 0x0000000100000000)
  region size 1024K, 28 young (28672K), 4 survivors (4096K)
 Metaspace       used 69924K, committed 70720K, reserved 491520K
  class space    used 9936K, committed 10304K, reserved 425984K
}
Event: 31.147 GC heap after
{Heap after GC invocations=39 (full 0):
 garbage-first heap   total 126976K, used 81843K [0x0000000080000000, 0x0000000100000000)
  region size 1024K, 4 young (4096K), 4 survivors (4096K)
 Metaspace       used 69924K, committed 70720K, reserved 491520K
  class space    used 9936K, committed 10304K, reserved 425984K
}
Event: 31.729 GC heap before
{Heap before GC invocations=39 (full 0):
 garbage-first heap   total 126976K, used 102323K [0x0000000080000000, 0x0000000100000000)
  region size 1024K, 25 young (25600K), 4 survivors (4096K)
 Metaspace       used 70096K, committed 70912K, reserved 491520K
  class space    used 9937K, committed 10304K, reserved 425984K
}
Event: 31.736 GC heap after
{Heap after GC invocations=40 (full 0):
 garbage-first heap   total 253952K, used 84687K [0x0000000080000000, 0x0000000100000000)
  region size 1024K, 3 young (3072K), 3 survivors (3072K)
 Metaspace       used 70096K, committed 70912K, reserved 491520K
  class space    used 9937K, committed 10304K, reserved 425984K
}
Event: 32.852 GC heap before
{Heap before GC invocations=40 (full 0):
 garbage-first heap   total 253952K, used 186063K [0x0000000080000000, 0x0000000100000000)
  region size 1024K, 103 young (105472K), 3 survivors (3072K)
 Metaspace       used 70172K, committed 70976K, reserved 491520K
  class space    used 9940K, committed 10304K, reserved 425984K
}
Event: 32.859 GC heap after
{Heap after GC invocations=41 (full 0):
 garbage-first heap   total 253952K, used 86735K [0x0000000080000000, 0x0000000100000000)
  region size 1024K, 5 young (5120K), 5 survivors (5120K)
 Metaspace       used 70172K, committed 70976K, reserved 491520K
  class space    used 9940K, committed 10304K, reserved 425984K
}

