# JRE version: OpenJDK Runtime Environment Microsoft-8035246 (17.0.8+7) (build 17.0.8+7-LTS)
# Java VM: OpenJDK 64-Bit Server VM Microsoft-8035246 (17.0.8+7-LTS, mixed mode, sharing, tiered, compressed oops, compressed class ptrs, g1 gc, windows-amd64)
GC Precious Log:
 CPUs: 4 total, 4 available
 Memory: 8088M
 Large Page Support: Disabled
 NUMA Support: Disabled
 Compressed Oops: Enabled (32-bit)
 Heap Region Size: 1M
 Heap Min Capacity: 8M
 Heap Initial Capacity: 128M
 Heap Max Capacity: 2G
 Pre-touch: Disabled
 Parallel Workers: 4
 Concurrent Workers: 1
 Concurrent Refinement Workers: 4
 Periodic GC: Disabled
Heap:
 garbage-first heap   total 256000K, used 196578K [0x0000000080000000, 0x0000000100000000)
  region size 1024K, 85 young (87040K), 2 survivors (2048K)
 Metaspace       used 93069K, committed 94080K, reserved 557056K
  class space    used 13114K, committed 13568K, reserved 425984K
GC Heap History (20 events):
Event: 17.304 GC heap before
{Heap before GC invocations=29 (full 0):
 garbage-first heap   total 119808K, used 70206K [0x0000000080000000, 0x0000000100000000)
  region size 1024K, 5 young (5120K), 4 survivors (4096K)
 Metaspace       used 62939K, committed 63680K, reserved 491520K
  class space    used 8905K, committed 9280K, reserved 425984K
}
Event: 17.310 GC heap after
{Heap after GC invocations=30 (full 0):
 garbage-first heap   total 119808K, used 68617K [0x0000000080000000, 0x0000000100000000)
  region size 1024K, 1 young (1024K), 1 survivors (1024K)
 Metaspace       used 62939K, committed 63680K, reserved 491520K
  class space    used 8905K, committed 9280K, reserved 425984K
}
Event: 18.067 GC heap before
{Heap before GC invocations=30 (full 0):
 garbage-first heap   total 119808K, used 97289K [0x0000000080000000, 0x0000000100000000)
  region size 1024K, 29 young (29696K), 1 survivors (1024K)
 Metaspace       used 64819K, committed 65600K, reserved 491520K
  class space    used 9172K, committed 9536K, reserved 425984K
}
Event: 18.077 GC heap after
{Heap after GC invocations=31 (full 0):
 garbage-first heap   total 268288K, used 71128K [0x0000000080000000, 0x0000000100000000)
  region size 1024K, 4 young (4096K), 4 survivors (4096K)
 Metaspace       used 64819K, committed 65600K, reserved 491520K
  class space    used 9172K, committed 9536K, reserved 425984K
}
Event: 23.383 GC heap before
{Heap before GC invocations=32 (full 0):
 garbage-first heap   total 256000K, used 183768K [0x0000000080000000, 0x0000000100000000)
  region size 1024K, 115 young (117760K), 4 survivors (4096K)
 Metaspace       used 70084K, committed 70848K, reserved 491520K
  class space    used 9940K, committed 10304K, reserved 425984K
}
Event: 23.409 GC heap after
{Heap after GC invocations=33 (full 0):
 garbage-first heap   total 256000K, used 80357K [0x0000000080000000, 0x0000000100000000)
  region size 1024K, 13 young (13312K), 13 survivors (13312K)
 Metaspace       used 70084K, committed 70848K, reserved 491520K
  class space    used 9940K, committed 10304K, reserved 425984K
}
Event: 23.530 GC heap before
{Heap before GC invocations=33 (full 0):
 garbage-first heap   total 256000K, used 80357K [0x0000000080000000, 0x0000000100000000)
  region size 1024K, 14 young (14336K), 13 survivors (13312K)
 Metaspace       used 70106K, committed 70848K, reserved 491520K
  class space    used 9940K, committed 10304K, reserved 425984K
}
Event: 23.546 GC heap after
{Heap after GC invocations=34 (full 0):
 garbage-first heap   total 256000K, used 80953K [0x0000000080000000, 0x0000000100000000)
  region size 1024K, 2 young (2048K), 2 survivors (2048K)
 Metaspace       used 70106K, committed 70848K, reserved 491520K
  class space    used 9940K, committed 10304K, reserved 425984K
}
Event: 25.891 GC heap before
{Heap before GC invocations=34 (full 0):
 garbage-first heap   total 256000K, used 185401K [0x0000000080000000, 0x0000000100000000)
  region size 1024K, 105 young (107520K), 2 survivors (2048K)
 Metaspace       used 70234K, committed 70976K, reserved 491520K
  class space    used 9941K, committed 10304K, reserved 425984K
}
Event: 25.897 GC heap after
{Heap after GC invocations=35 (full 0):
 garbage-first heap   total 256000K, used 84293K [0x0000000080000000, 0x0000000100000000)
  region size 1024K, 5 young (5120K), 5 survivors (5120K)
 Metaspace       used 70234K, committed 70976K, reserved 491520K
  class space    used 9941K, committed 10304K, reserved 425984K
}
Event: 29.538 GC heap before
{Heap before GC invocations=35 (full 0):
 garbage-first heap   total 256000K, used 201029K [0x0000000080000000, 0x0000000100000000)
  region size 1024K, 112 young (114688K), 5 survivors (5120K)
 Metaspace       used 73770K, committed 74624K, reserved 491520K
  class space    used 10334K, committed 10752K, reserved 425984K
}
Event: 29.547 GC heap after
{Heap after GC invocations=36 (full 0):
 garbage-first heap   total 256000K, used 97863K [0x0000000080000000, 0x0000000100000000)
  region size 1024K, 12 young (12288K), 12 survivors (12288K)
 Metaspace       used 73770K, committed 74624K, reserved 491520K
  class space    used 10334K, committed 10752K, reserved 425984K
}
Event: 32.868 GC heap before
{Heap before GC invocations=36 (full 0):
 garbage-first heap   total 256000K, used 202311K [0x0000000080000000, 0x0000000100000000)
  region size 1024K, 109 young (111616K), 12 survivors (12288K)
 Metaspace       used 80503K, committed 81344K, reserved 557056K
  class space    used 11204K, committed 11584K, reserved 425984K
}
Event: 32.881 GC heap after
{Heap after GC invocations=37 (full 0):
 garbage-first heap   total 256000K, used 106048K [0x0000000080000000, 0x0000000100000000)
  region size 1024K, 7 young (7168K), 7 survivors (7168K)
 Metaspace       used 80503K, committed 81344K, reserved 557056K
  class space    used 11204K, committed 11584K, reserved 425984K
}
Event: 34.980 GC heap before
{Heap before GC invocations=37 (full 0):
 garbage-first heap   total 256000K, used 200256K [0x0000000080000000, 0x0000000100000000)
  region size 1024K, 99 young (101376K), 7 survivors (7168K)
 Metaspace       used 84499K, committed 85440K, reserved 557056K
  class space    used 11738K, committed 12160K, reserved 425984K
}
Event: 34.992 GC heap after
{Heap after GC invocations=38 (full 0):
 garbage-first heap   total 256000K, used 112404K [0x0000000080000000, 0x0000000100000000)
  region size 1024K, 6 young (6144K), 6 survivors (6144K)
 Metaspace       used 84499K, committed 85440K, reserved 557056K
  class space    used 11738K, committed 12160K, reserved 425984K
}
Event: 38.014 GC heap before
{Heap before GC invocations=39 (full 0):
 garbage-first heap   total 256000K, used 204564K [0x0000000080000000, 0x0000000100000000)
  region size 1024K, 96 young (98304K), 6 survivors (6144K)
 Metaspace       used 89900K, committed 90816K, reserved 557056K
  class space    used 12678K, committed 13120K, reserved 425984K
}
Event: 38.022 GC heap after
{Heap after GC invocations=40 (full 0):
 garbage-first heap   total 256000K, used 114452K [0x0000000080000000, 0x0000000100000000)
  region size 1024K, 8 young (8192K), 8 survivors (8192K)
 Metaspace       used 89900K, committed 90816K, reserved 557056K
  class space    used 12678K, committed 13120K, reserved 425984K
}
Event: 38.119 GC heap before
{Heap before GC invocations=40 (full 0):
 garbage-first heap   total 256000K, used 117524K [0x0000000080000000, 0x0000000100000000)
  region size 1024K, 12 young (12288K), 8 survivors (8192K)
 Metaspace       used 90158K, committed 91008K, reserved 557056K
  class space    used 12712K, committed 13120K, reserved 425984K
}
Event: 38.128 GC heap after
{Heap after GC invocations=41 (full 0):
 garbage-first heap   total 256000K, used 113634K [0x0000000080000000, 0x0000000100000000)
  region size 1024K, 2 young (2048K), 2 survivors (2048K)
 Metaspace       used 90158K, committed 91008K, reserved 557056K
  class space    used 12712K, committed 13120K, reserved 425984K
}

